$irb
irb 0.6.1(99/09/16)
irb(main):001:0> def hello
irb(main):002:1> out = "Hello World"
irb(main):003:1> puts out
irb(main):004:1> end
nil
irb(main):005:0> hello
Hello World
nil
irb(main):006:0>

#!/usr/bin/ruby

$i = 0
$num = 5

while $i < $num  do
   puts("Inside the loop i = #$i" )
   $i +=1
end

require "dbi"

begin
     # connect to the MySQL server
     dbh = DBI.connect("DBI:Mysql:TESTDB:localhost", 
                      "testuser", "test123")
     # get server version string and display it
     row = dbh.select_one("SELECT VERSION()")
     puts "Server version: " + row[0]
rescue DBI::DatabaseError => e
     puts "An error occurred"
     puts "Error code:    #{e.err}"
     puts "Error message: #{e.errstr}"
ensure
     # disconnect from server
     dbh.disconnect if dbh
end

require "dbi"

begin
     # connect to the MySQL server
     dbh = DBI.connect("DBI:Mysql:TESTDB:localhost", 
                      "testuser", "test123")
     dbh.do( "INSERT INTO EMPLOYEE(FIRST_NAME,
                   LAST_NAME, 
                   AGE, 
       SEX, 
       INCOME)
          VALUES ('Mac', 'Mohan', 20, 'M', 2000)" )
     puts "Record has been created"
     dbh.commit
rescue DBI::DatabaseError => e
     puts "An error occurred"
     puts "Error code:    #{e.err}"
     puts "Error message: #{e.errstr}"
     dbh.rollback
ensure
     # disconnect from server
     dbh.disconnect if dbh
end

